<?xml version="1.0" encoding="UTF-8" ?>
<testsuite errors="0" skipped="0" tests="1" time="0.016" failures="0" name="yardspoon.YSLife.AppTest">
  <properties>
    <property value="Sun Microsystems Inc." name="java.vendor"/>
    <property value="C:\Documents and Settings\benjamin.lee\.m2\repository" name="localRepository"/>
    <property value="C:\Documents and Settings\All Users\Application Data\McAfee\DesktopProtection" name="env.DEFLOGDIR"/>
    <property value="SUN_STANDARD" name="sun.java.launcher"/>
    <property value="HotSpot Client Compiler" name="sun.management.compiler"/>
    <property value="$P$G" name="env.PROMPT"/>
    <property value="Windows XP" name="os.name"/>
    <property value="NO" name="env.FP_NO_HOST_CHECK"/>
    <property value="C:\Program Files\Java\jdk1.5.0_19\jre\lib\rt.jar;C:\Program Files\Java\jdk1.5.0_19\jre\lib\i18n.jar;C:\Program Files\Java\jdk1.5.0_19\jre\lib\sunrsasign.jar;C:\Program Files\Java\jdk1.5.0_19\jre\lib\jsse.jar;C:\Program Files\Java\jdk1.5.0_19\jre\lib\jce.jar;C:\Program Files\Java\jdk1.5.0_19\jre\lib\charsets.jar;C:\Program Files\Java\jdk1.5.0_19\jre\classes" name="sun.boot.class.path"/>
    <property value="BLEE-L1" name="env.COMPUTERNAME"/>
    <property value="C:\Documents and Settings\All Users" name="env.ALLUSERSPROFILE"/>
    <property value="windows" name="sun.desktop"/>
    <property value="Sun Microsystems Inc." name="java.vm.specification.vendor"/>
    <property value="1.5.0_19-b02" name="java.runtime.version"/>
    <property value="\Documents and Settings\benjamin.lee" name="env.HOMEPATH"/>
    <property value="benjamin.lee" name="user.name"/>
    <property value="C:\Program Files\Palm\SDK\" name="env.PalmSDK"/>
    <property value="C:\Program Files\Java\jre6\lib\ext\QTJava.zip" name="env.QTJAVA"/>
    <property value="en" name="user.language"/>
    <property value="C:\Program Files\Java\jdk1.5.0_19\jre\bin" name="sun.boot.library.path"/>
    <property value="C:\_personal\projects\YSLife\.metadata\.plugins\org.maven.ide.eclipse\launches\m2conf7186530102071613462.tmp" name="classworlds.conf"/>
    <property value="1.5.0_19" name="java.version"/>
    <property value="x86 Family 6 Model 15 Stepping 10, GenuineIntel" name="env.PROCESSOR_IDENTIFIER"/>
    <property value="" name="user.timezone"/>
    <property value="C:\DOCUME~1\benjamin.lee\LOCALS~1\Temp" name="env.TEMP"/>
    <property value="32" name="sun.arch.data.model"/>
    <property value="C:\atkpwa\db" name="env.atkpwa_db"/>
    <property value="C:\Program Files\Java\jdk1.5.0_19\jre\lib\endorsed" name="java.endorsed.dirs"/>
    <property value="C:\Documents and Settings\All Users\Application Data\McAfee\DesktopProtection" name="env.VSEDEFLOGDIR"/>
    <property value="pentium_pro+mmx pentium_pro pentium+mmx pentium i486 i386 i86" name="sun.cpu.isalist"/>
    <property value="C:" name="env.HOMEDRIVE"/>
    <property value="Cp1252" name="sun.jnu.encoding"/>
    <property value="sun.io" name="file.encoding.pkg"/>
    <property value="\" name="file.separator"/>
    <property value="Java Platform API Specification" name="java.specification.name"/>
    <property value="49.0" name="java.class.version"/>
    <property value="US" name="user.country"/>
    <property value="C:\Program Files\Java\jdk1.5.0_19\jre" name="java.home"/>
    <property value="C:\Documents and Settings\benjamin.lee\Application Data" name="env.APPDATA"/>
    <property value="mixed mode, sharing" name="java.vm.info"/>
    <property value="C:\WINDOWS\system32\cmd.exe" name="env.ComSpec"/>
    <property value="Windows_NT" name="env.OS"/>
    <property value="C:\Program Files\Common Files" name="env.CommonProgramFiles"/>
    <property value="5.1" name="os.version"/>
    <property value="-rubygems" name="env.RUBYOPT"/>
    <property value=";" name="path.separator"/>
    <property value="1.5.0_19-b02" name="java.vm.version"/>
    <property value="C:\Documents and Settings\benjamin.lee" name="env.USERPROFILE"/>
    <property value="" name="user.variant"/>
    <property value="C:\Program Files\Java\jdk1.5.0_19" name="env.JAVA_HOME"/>
    <property value="sun.awt.windows.WPrinterJob" name="java.awt.printerjob"/>
    <property value="C:\DOCUME~1\benjamin.lee\LOCALS~1\Temp" name="env.TMP"/>
    <property value="UnicodeLittle" name="sun.io.unicode.encoding"/>
    <property value="sun.awt.windows.WToolkit" name="awt.toolkit"/>
    <property value="C:\Documents and Settings\benjamin.lee" name="user.home"/>
    <property value="Console" name="env.SESSIONNAME"/>
    <property value="Sun Microsystems Inc." name="java.specification.vendor"/>
    <property value=".;C:\Program Files\Java\jre6\lib\ext\QTJava.zip" name="env.CLASSPATH"/>
    <property value="2" name="env.NUMBER_OF_PROCESSORS"/>
    <property value="C:\Program Files\Java\jdk1.5.0_19\bin;.;C:\WINDOWS\system32;C:\WINDOWS;C:/Program Files/Java/jdk1.6.0_14/bin/../jre/bin/client;C:/Program Files/Java/jdk1.6.0_14/bin/../jre/bin;C:\_software\ruby\bin;C:\_software\grails-1.1.1\bin;C:\WINDOWS\system32;C:\WINDOWS;C:\WINDOWS\System32\Wbem;C:\Program Files\TortoiseSVN\bin;C:\_software\apache-ant-1.7.1\bin;C:\_software\apache-maven-2.2.0\bin;C:\Program Files\e\cmd;C:\Program Files\QuickTime\QTSystem\;C:\Program Files\Palm\SDK\bin;C:\Program Files\Vim\vim72;C:\Program Files\jEdit;C:\Program Files\Java\jdk1.5.0_19\bin;C:\Program Files\Vim\vim72" name="java.library.path"/>
    <property value="http://java.sun.com/" name="java.vendor.url"/>
    <property value="ASYNCHRONY.LAN" name="env.USERDNSDOMAIN"/>
    <property value="Sun Microsystems Inc." name="java.vm.vendor"/>
    <property value="EMBEDDED" name="maven.home"/>
    <property value="Java(TM) 2 Runtime Environment, Standard Edition" name="java.runtime.name"/>
    <property value="/C:/_software/eclipse/plugins/org.maven.ide.components.maven_embedder_2.1.0.20080530-2300/jars/plexus-classworlds-1.2-alpha-12.jar" name="java.class.path"/>
    <property value="Java Virtual Machine Specification" name="java.vm.specification.name"/>
    <property value="\\ALDERAAN" name="env.LOGONSERVER"/>
    <property value="C:\WINDOWS" name="env.windir"/>
    <property value="1.0" name="java.vm.specification.version"/>
    <property value="x86" name="env.PROCESSOR_ARCHITECTURE"/>
    <property value="C:\_personal\projects\YSLife\.metadata\.plugins\org.maven.ide.eclipse\workspacestate.properties" name="m2eclipse.workspace.state"/>
    <property value="Service Pack 2" name="sun.os.patch.level"/>
    <property value="little" name="sun.cpu.endian"/>
    <property value="C:\Program Files" name="env.ProgramFiles"/>
    <property value="C:\_personal\projects\YSLife\YSLife\Evolver\target\test-classes;C:\_personal\projects\YSLife\YSLife\Evolver\target\classes;C:\Documents and Settings\benjamin.lee\.m2\repository\junit\junit\3.8.1\junit-3.8.1.jar;" name="surefire.test.class.path"/>
    <property value="C:\DOCUME~1\benjamin.lee\LOCALS~1\Temp\" name="java.io.tmpdir"/>
    <property value="0f0a" name="env.PROCESSOR_REVISION"/>
    <property value="C:\Program Files\Sun\xVM VirtualBox\" name="env.VBOX_INSTALL_PATH"/>
    <property value="http://java.sun.com/cgi-bin/bugreport.cgi" name="java.vendor.url.bug"/>
    <property value="C:\WINDOWS" name="env.SystemRoot"/>
    <property value="sun.awt.Win32GraphicsEnvironment" name="java.awt.graphicsenv"/>
    <property value="x86" name="os.arch"/>
    <property value="C:\Program Files\Java\jdk1.5.0_19\jre\lib\ext" name="java.ext.dirs"/>
    <property value="C:\_personal\projects\YSLife\YSLife\Evolver" name="user.dir"/>
    <property value="
" name="line.separator"/>
    <property value="Java HotSpot(TM) Client VM" name="java.vm.name"/>
    <property value=".COM;.EXE;.BAT;.CMD;.VBS;.VBE;.JS;.JSE;.WSF;.WSH;.RB;.RBW" name="env.PATHEXT"/>
    <property value="C:/Program Files/Java/jdk1.6.0_14/bin/../jre/bin/client;C:/Program Files/Java/jdk1.6.0_14/bin/../jre/bin;C:\_software\ruby\bin;C:\_software\grails-1.1.1\bin;C:\WINDOWS\system32;C:\WINDOWS;C:\WINDOWS\System32\Wbem;C:\Program Files\TortoiseSVN\bin;C:\_software\apache-ant-1.7.1\bin;C:\_software\apache-maven-2.2.0\bin;C:\Program Files\e\cmd;C:\Program Files\QuickTime\QTSystem\;C:\Program Files\Palm\SDK\bin;C:\Program Files\Vim\vim72;C:\Program Files\jEdit;C:\Program Files\Java\jdk1.5.0_19\bin;C:\Program Files\Vim\vim72" name="env.Path"/>
    <property value="C:\_personal\projects\YSLife\YSLife\Evolver" name="basedir"/>
    <property value="C:\Program Files\VisualSVN Server\" name="env.VISUALSVN_SERVER"/>
    <property value="true" name="maven.mode.standalone"/>
    <property value="benjamin.lee" name="env.USERNAME"/>
    <property value="C:" name="env.SystemDrive"/>
    <property value="Cp1252" name="file.encoding"/>
    <property value="C:\_software\grails-1.1.1" name="env.GRAILS_HOME"/>
    <property value="ASYNCHRONY" name="env.USERDOMAIN"/>
    <property value="1.5" name="java.specification.version"/>
    <property value="6" name="env.PROCESSOR_LEVEL"/>
  </properties>
  <testcase classname="yardspoon.YSLife.AppTest" time="0" name="testApp"/>
</testsuite>